[INFO ] 2024-09-25 15:52:34.162 [main] OrangeHRM_Actions - Username Entered
[INFO ] 2024-09-25 15:52:34.316 [main] OrangeHRM_Actions - Password Entered
[INFO ] 2024-09-25 15:52:34.428 [main] OrangeHRM_Actions - Click on Submit
[INFO ] 2024-09-25 19:25:14.826 [main] OrangeHRM_Actions - Username Entered
[INFO ] 2024-09-25 19:25:15.015 [main] OrangeHRM_Actions - Password Entered
[INFO ] 2024-09-25 19:25:15.101 [main] OrangeHRM_Actions - Click on Submit
[INFO ] 2024-09-25 19:32:42.637 [main] OrangeHRM_Actions - Username Entered
[INFO ] 2024-09-25 19:32:42.825 [main] OrangeHRM_Actions - Password Entered
[INFO ] 2024-09-25 19:32:42.920 [main] OrangeHRM_Actions - Click on Submit
[INFO ] 2024-09-25 19:36:17.681 [main] OrangeHRM_Actions - Username Entered
[INFO ] 2024-09-25 19:36:17.835 [main] OrangeHRM_Actions - Password Entered
[INFO ] 2024-09-25 19:36:17.930 [main] OrangeHRM_Actions - Click on Submit
[INFO ] 2024-09-26 14:42:38.801 [main] OrangeHRM_Actions - Username Entered
[INFO ] 2024-09-26 14:42:38.935 [main] OrangeHRM_Actions - Password Entered
[INFO ] 2024-09-26 14:42:40.571 [main] OrangeHRM_Actions - Click on Submit
[INFO ] 2024-09-26 14:42:43.112 [main] OrangeHRM_Actions - Clicked on pim button
[INFO ] 2024-09-26 14:45:39.004 [main] OrangeHRM_Actions - Username Entered
[INFO ] 2024-09-26 14:45:39.154 [main] OrangeHRM_Actions - Password Entered
[INFO ] 2024-09-26 14:45:41.231 [main] OrangeHRM_Actions - Click on Submit
[INFO ] 2024-09-26 14:45:43.198 [main] OrangeHRM_Actions - Clicked on pim button
[INFO ] 2024-09-26 14:49:03.736 [main] OrangeHRM_Actions - Username Entered
[INFO ] 2024-09-26 14:49:03.941 [main] OrangeHRM_Actions - Password Entered
[INFO ] 2024-09-26 14:49:05.583 [main] OrangeHRM_Actions - Click on Submit
[INFO ] 2024-09-26 14:49:08.131 [main] OrangeHRM_Actions - Clicked on pim button
[INFO ] 2024-09-26 17:13:49.952 [main] OrangeHRM_Actions - Username Entered
[INFO ] 2024-09-26 17:13:50.969 [main] OrangeHRM_Actions - Password Entered
[INFO ] 2024-09-26 17:13:53.558 [main] OrangeHRM_Actions - Click on Submit
[INFO ] 2024-09-26 17:13:56.996 [main] OrangeHRM_Actions - Clicked on pim button
[INFO ] 2024-09-26 17:38:25.157 [main] OrangeHRM_Actions - Username Entered
[INFO ] 2024-09-26 17:38:25.313 [main] OrangeHRM_Actions - Password Entered
[INFO ] 2024-09-26 17:38:25.473 [main] OrangeHRM_Actions - Click on Submit
[INFO ] 2024-09-26 17:38:28.325 [main] OrangeHRM_Actions - Clicked on pim button
[INFO ] 2024-09-26 17:41:42.920 [main] OrangeHRM_Actions - Username Entered
[INFO ] 2024-09-26 17:41:43.117 [main] OrangeHRM_Actions - Password Entered
[INFO ] 2024-09-26 17:41:44.303 [main] OrangeHRM_Actions - Click on Submit
[INFO ] 2024-09-26 17:41:45.967 [main] OrangeHRM_Actions - Clicked on pim button
[INFO ] 2024-09-26 17:43:27.619 [main] OrangeHRM_Actions - Username Entered
[INFO ] 2024-09-26 17:43:27.767 [main] OrangeHRM_Actions - Password Entered
[INFO ] 2024-09-26 17:43:27.888 [main] OrangeHRM_Actions - Click on Submit
[INFO ] 2024-09-26 17:43:30.806 [main] OrangeHRM_Actions - Clicked on pim button
[INFO ] 2024-09-26 17:48:29.266 [main] OrangeHRM_Actions - Username Entered
[INFO ] 2024-09-26 17:48:29.467 [main] OrangeHRM_Actions - Password Entered
[INFO ] 2024-09-26 17:48:29.592 [main] OrangeHRM_Actions - Click on Submit
[INFO ] 2024-09-26 17:48:32.834 [main] OrangeHRM_Actions - Clicked on pim button
[INFO ] 2024-09-26 17:50:20.820 [main] OrangeHRM_Actions - Username Entered
[INFO ] 2024-09-26 17:50:20.982 [main] OrangeHRM_Actions - Password Entered
[INFO ] 2024-09-26 17:50:22.225 [main] OrangeHRM_Actions - Click on Submit
[INFO ] 2024-09-26 17:50:23.651 [main] OrangeHRM_Actions - Clicked on pim button
[INFO ] 2024-09-26 17:53:45.398 [main] OrangeHRM_Actions - Username Entered
[INFO ] 2024-09-26 17:53:45.519 [main] OrangeHRM_Actions - Password Entered
[INFO ] 2024-09-26 17:53:46.693 [main] OrangeHRM_Actions - Click on Submit
[INFO ] 2024-09-26 17:53:48.337 [main] OrangeHRM_Actions - Clicked on pim button
[INFO ] 2024-09-26 17:58:14.840 [main] OrangeHRM_Actions - Username Entered
[INFO ] 2024-09-26 17:58:14.941 [main] OrangeHRM_Actions - Password Entered
[INFO ] 2024-09-26 17:58:16.102 [main] OrangeHRM_Actions - Click on Submit
[INFO ] 2024-09-26 17:58:17.744 [main] OrangeHRM_Actions - Clicked on pim button
[INFO ] 2024-09-27 00:04:42.938 [main] OrangeHRM_Actions - Username Entered
[INFO ] 2024-09-27 00:04:43.186 [main] OrangeHRM_Actions - Password Entered
[INFO ] 2024-09-27 00:04:43.387 [main] OrangeHRM_Actions - Click on Submit
[INFO ] 2024-09-27 00:04:47.920 [main] OrangeHRM_Actions - Clicked on pim button
[INFO ] 2024-09-27 00:07:21.138 [main] OrangeHRM_Actions - Username Entered
[INFO ] 2024-09-27 00:07:21.296 [main] OrangeHRM_Actions - Password Entered
[INFO ] 2024-09-27 00:07:22.653 [main] OrangeHRM_Actions - Click on Submit
[INFO ] 2024-09-27 00:07:25.201 [main] OrangeHRM_Actions - Clicked on pim button
[INFO ] 2024-09-27 00:10:40.121 [main] OrangeHRM_Actions - Username Entered
[INFO ] 2024-09-27 00:10:40.280 [main] OrangeHRM_Actions - Password Entered
[INFO ] 2024-09-27 00:10:41.757 [main] OrangeHRM_Actions - Click on Submit
[INFO ] 2024-09-27 00:10:44.384 [main] OrangeHRM_Actions - Clicked on pim button
[INFO ] 2024-09-27 00:14:49.261 [main] OrangeHRM_Actions - Username Entered
[INFO ] 2024-09-27 00:14:49.416 [main] OrangeHRM_Actions - Password Entered
[INFO ] 2024-09-27 00:14:50.951 [main] OrangeHRM_Actions - Click on Submit
[INFO ] 2024-09-27 00:14:53.396 [main] OrangeHRM_Actions - Clicked on pim button
[INFO ] 2024-09-27 16:14:56.662 [main] OrangeHRM_Actions - Username Entered
[INFO ] 2024-09-27 16:14:56.822 [main] OrangeHRM_Actions - Password Entered
[INFO ] 2024-09-27 16:14:58.401 [main] OrangeHRM_Actions - Click on Submit
[INFO ] 2024-09-27 16:15:00.848 [main] OrangeHRM_Actions - Clicked on pim button
[INFO ] 2024-09-27 16:15:17.080 [main] OrangeHRM_Actions - Username Entered
[INFO ] 2024-09-27 16:15:17.206 [main] OrangeHRM_Actions - Password Entered
[INFO ] 2024-09-27 16:15:18.919 [main] OrangeHRM_Actions - Click on Submit
[INFO ] 2024-09-27 16:15:21.251 [main] OrangeHRM_Actions - Login Successfully
[INFO ] 2024-09-27 16:15:21.251 [main] OrangeHRM_Actions - Clicked on leave button
[INFO ] 2024-09-27 16:22:26.124 [main] OrangeHRM_Actions - Username Entered
[INFO ] 2024-09-27 16:22:26.278 [main] OrangeHRM_Actions - Password Entered
[INFO ] 2024-09-27 16:22:26.376 [main] OrangeHRM_Actions - Click on Submit
[INFO ] 2024-09-27 16:22:30.615 [main] OrangeHRM_Actions - Login Successfully
[INFO ] 2024-09-27 16:22:30.615 [main] OrangeHRM_Actions - Clicked on leave button
[INFO ] 2024-09-27 16:26:36.349 [main] OrangeHRM_Actions - Username Entered
[INFO ] 2024-09-27 16:26:36.488 [main] OrangeHRM_Actions - Password Entered
[INFO ] 2024-09-27 16:26:36.590 [main] OrangeHRM_Actions - Click on Submit
[INFO ] 2024-09-27 16:26:40.193 [main] OrangeHRM_Actions - Login Successfully
[INFO ] 2024-09-27 16:26:40.193 [main] OrangeHRM_Actions - Clicked on leave button
[INFO ] 2024-09-27 16:31:06.252 [main] OrangeHRM_Actions - Username Entered
[INFO ] 2024-09-27 16:31:06.629 [main] OrangeHRM_Actions - Password Entered
[INFO ] 2024-09-27 16:31:08.279 [main] OrangeHRM_Actions - Click on Submit
[INFO ] 2024-09-27 16:31:10.034 [main] OrangeHRM_Actions - Login Successfully
[INFO ] 2024-09-27 16:31:10.034 [main] OrangeHRM_Actions - Clicked on leave button
[INFO ] 2024-09-27 16:38:53.704 [main] OrangeHRM_Actions - Username Entered
[INFO ] 2024-09-27 16:38:53.842 [main] OrangeHRM_Actions - Password Entered
[INFO ] 2024-09-27 16:38:55.530 [main] OrangeHRM_Actions - Click on Submit
[INFO ] 2024-09-27 16:38:58.501 [main] OrangeHRM_Actions - Login Successfully
[INFO ] 2024-09-27 16:38:58.501 [main] OrangeHRM_Actions - Clicked on leave button
[INFO ] 2024-09-27 16:39:01.409 [main] OrangeHRM_Actions - Starting Date Entered
[INFO ] 2024-09-27 16:42:16.041 [main] OrangeHRM_Actions - Username Entered
[INFO ] 2024-09-27 16:42:16.227 [main] OrangeHRM_Actions - Password Entered
[INFO ] 2024-09-27 16:42:18.034 [main] OrangeHRM_Actions - Click on Submit
[INFO ] 2024-09-27 16:42:20.273 [main] OrangeHRM_Actions - Login Successfully
[INFO ] 2024-09-27 16:42:20.273 [main] OrangeHRM_Actions - Clicked on leave button
[INFO ] 2024-09-27 16:42:22.444 [main] OrangeHRM_Actions - Starting Date Entered
[INFO ] 2024-09-27 16:49:32.597 [main] OrangeHRM_Actions - Username Entered
[INFO ] 2024-09-27 16:49:32.812 [main] OrangeHRM_Actions - Password Entered
[INFO ] 2024-09-27 16:49:32.951 [main] OrangeHRM_Actions - Click on Submit
[INFO ] 2024-09-27 16:49:36.840 [main] OrangeHRM_Actions - Login Successfully
[INFO ] 2024-09-27 16:49:36.841 [main] OrangeHRM_Actions - Clicked on leave button
[INFO ] 2024-09-27 16:49:39.346 [main] OrangeHRM_Actions - Starting Date Entered
[INFO ] 2024-09-27 22:02:46.869 [main] OrangeHRM_Actions - Username Entered
[INFO ] 2024-09-27 22:02:47.091 [main] OrangeHRM_Actions - Password Entered
[INFO ] 2024-09-27 22:02:49.287 [main] OrangeHRM_Actions - Click on Submit
[INFO ] 2024-09-27 22:10:14.390 [main] OrangeHRM_Actions - Username Entered
[INFO ] 2024-09-27 22:10:14.536 [main] OrangeHRM_Actions - Password Entered
[INFO ] 2024-09-27 22:10:14.668 [main] OrangeHRM_Actions - Click on Submit
[INFO ] 2024-09-27 22:10:19.354 [main] OrangeHRM_Actions - Login Successfully
[INFO ] 2024-09-27 22:10:19.354 [main] OrangeHRM_Actions - Clicked on leave button
[INFO ] 2024-09-27 22:10:21.161 [main] OrangeHRM_Actions - Starting Date Entered
[INFO ] 2024-09-27 22:12:02.333 [main] OrangeHRM_Actions - Username Entered
[INFO ] 2024-09-27 22:12:02.509 [main] OrangeHRM_Actions - Password Entered
[INFO ] 2024-09-27 22:12:02.608 [main] OrangeHRM_Actions - Click on Submit
[INFO ] 2024-09-27 22:12:05.109 [main] OrangeHRM_Actions - Login Successfully
[INFO ] 2024-09-27 22:12:05.109 [main] OrangeHRM_Actions - Clicked on leave button
[INFO ] 2024-09-27 22:12:06.735 [main] OrangeHRM_Actions - Starting Date Entered
[INFO ] 2024-09-27 22:12:06.830 [main] OrangeHRM_Actions - End Date entered
[INFO ] 2024-09-27 22:12:06.964 [main] OrangeHRM_Actions - Leave Reason enter
[INFO ] 2024-09-27 22:12:07.020 [main] OrangeHRM_Actions - LEave Apllied successfully
[INFO ] 2024-09-27 22:13:19.995 [main] OrangeHRM_Actions - Username Entered
[INFO ] 2024-09-27 22:13:20.144 [main] OrangeHRM_Actions - Password Entered
[INFO ] 2024-09-27 22:13:20.270 [main] OrangeHRM_Actions - Click on Submit
[INFO ] 2024-09-27 22:13:22.915 [main] OrangeHRM_Actions - Login Successfully
[INFO ] 2024-09-27 22:13:22.915 [main] OrangeHRM_Actions - Clicked on leave button
[INFO ] 2024-09-27 22:13:54.113 [main] OrangeHRM_Actions - Username Entered
[INFO ] 2024-09-27 22:13:54.273 [main] OrangeHRM_Actions - Password Entered
[INFO ] 2024-09-27 22:13:55.407 [main] OrangeHRM_Actions - Click on Submit
[INFO ] 2024-09-27 22:13:57.036 [main] OrangeHRM_Actions - Login Successfully
[INFO ] 2024-09-27 22:13:57.037 [main] OrangeHRM_Actions - Clicked on leave button
[INFO ] 2024-09-27 22:14:39.105 [main] OrangeHRM_Actions - Username Entered
[INFO ] 2024-09-27 22:14:39.343 [main] OrangeHRM_Actions - Password Entered
[INFO ] 2024-09-27 22:14:39.428 [main] OrangeHRM_Actions - Click on Submit
[INFO ] 2024-09-27 22:14:42.338 [main] OrangeHRM_Actions - Login Successfully
[INFO ] 2024-09-27 22:14:42.338 [main] OrangeHRM_Actions - Clicked on leave button
[INFO ] 2024-09-27 22:14:44.166 [main] OrangeHRM_Actions - Starting Date Entered
[INFO ] 2024-09-27 22:14:44.322 [main] OrangeHRM_Actions - End Date entered
[INFO ] 2024-09-27 22:14:44.515 [main] OrangeHRM_Actions - Leave Reason enter
[INFO ] 2024-09-27 22:14:44.565 [main] OrangeHRM_Actions - LEave Apllied successfully
[INFO ] 2024-09-27 22:16:47.060 [main] OrangeHRM_Actions - Username Entered
[INFO ] 2024-09-27 22:16:47.239 [main] OrangeHRM_Actions - Password Entered
[INFO ] 2024-09-27 22:16:48.431 [main] OrangeHRM_Actions - Click on Submit
[INFO ] 2024-09-27 22:16:49.890 [main] OrangeHRM_Actions - Login Successfully
[INFO ] 2024-09-27 22:16:49.890 [main] OrangeHRM_Actions - Clicked on leave button
[INFO ] 2024-09-27 22:16:52.093 [main] OrangeHRM_Actions - Starting Date Entered
[INFO ] 2024-09-27 22:16:52.200 [main] OrangeHRM_Actions - End Date entered
[INFO ] 2024-09-27 22:16:52.345 [main] OrangeHRM_Actions - Leave Reason enter
[INFO ] 2024-09-27 22:16:52.396 [main] OrangeHRM_Actions - LEave Apllied successfully
[INFO ] 2024-09-27 22:18:14.306 [main] OrangeHRM_Actions - Username Entered
[INFO ] 2024-09-27 22:18:14.451 [main] OrangeHRM_Actions - Password Entered
[INFO ] 2024-09-27 22:18:16.462 [main] OrangeHRM_Actions - Click on Submit
[INFO ] 2024-09-27 22:18:18.116 [main] OrangeHRM_Actions - Login Successfully
[INFO ] 2024-09-27 22:18:18.116 [main] OrangeHRM_Actions - Clicked on leave button
[INFO ] 2024-09-27 22:20:54.561 [main] OrangeHRM_Actions - Username Entered
[INFO ] 2024-09-27 22:20:54.719 [main] OrangeHRM_Actions - Password Entered
[INFO ] 2024-09-27 22:20:54.844 [main] OrangeHRM_Actions - Click on Submit
[INFO ] 2024-09-27 22:20:57.421 [main] OrangeHRM_Actions - Login Successfully
[INFO ] 2024-09-27 22:20:57.421 [main] OrangeHRM_Actions - Clicked on leave button
[INFO ] 2024-09-27 22:20:59.148 [main] OrangeHRM_Actions - Starting Date Entered
[INFO ] 2024-09-27 22:20:59.265 [main] OrangeHRM_Actions - End Date entered
[INFO ] 2024-09-27 22:20:59.376 [main] OrangeHRM_Actions - Leave Reason enter
[INFO ] 2024-09-27 22:20:59.528 [main] OrangeHRM_Actions - LEave Apllied successfully
[INFO ] 2024-09-27 22:25:44.115 [main] OrangeHRM_Actions - Username Entered
[INFO ] 2024-09-27 22:25:44.193 [main] OrangeHRM_Actions - Password Entered
[INFO ] 2024-09-27 22:25:45.307 [main] OrangeHRM_Actions - Click on Submit
[INFO ] 2024-09-27 22:25:47.064 [main] OrangeHRM_Actions - Clicked on pim button
[INFO ] 2024-09-27 22:27:54.267 [main] OrangeHRM_Actions - Username Entered
[INFO ] 2024-09-27 22:27:54.402 [main] OrangeHRM_Actions - Password Entered
[INFO ] 2024-09-27 22:27:54.464 [main] OrangeHRM_Actions - Click on Submit
[INFO ] 2024-09-27 22:27:57.128 [main] OrangeHRM_Actions - Clicked on pim button
